<?xml version='1.0' encoding='UTF-8'?>
<testsuite hostname="GURL7N9ZK13" name="EmployeeServiceSpec" tests="5" errors="0" failures="0" skipped="0" time="0.586" timestamp="2024-02-12T16:12:55">
          <properties>
[...]
</properties>
          <testcase classname="EmployeeServiceSpec" name="EmployeeService should add an employee" time="0.562">
                      
                    </testcase><testcase classname="EmployeeServiceSpec" name="EmployeeService should get an employee by ID" time="0.02">
                      
                    </testcase><testcase classname="EmployeeServiceSpec" name="EmployeeService should update an employee" time="0.001">
                      
                    </testcase><testcase classname="EmployeeServiceSpec" name="EmployeeService should get all employees list" time="0.002">
                      
                    </testcase><testcase classname="EmployeeServiceSpec" name="EmployeeService should delete an employee by ID" time="0.001">
                      
                    </testcase>
          <system-out><![CDATA[]]></system-out>
          <system-err><![CDATA[]]></system-err>
        </testsuite>